[debug] [2025-08-04T05:17:24.129Z] ----------------------------------------------------------------------
[debug] [2025-08-04T05:17:24.132Z] Command:       C:\Program Files\nodejs\node.exe C:\Users\lagsa\AppData\Roaming\npm\node_modules\firebase-tools\lib\bin\firebase.js deploy --only hosting --debug
[debug] [2025-08-04T05:17:24.132Z] CLI Version:   14.11.2
[debug] [2025-08-04T05:17:24.132Z] Platform:      win32
[debug] [2025-08-04T05:17:24.132Z] Node Version:  v22.17.0
[debug] [2025-08-04T05:17:24.133Z] Time:          Mon Aug 04 2025 14:17:24 GMT+0900 (GMT+09:00)
[debug] [2025-08-04T05:17:24.133Z] ----------------------------------------------------------------------
[debug] 
[debug] [2025-08-04T05:17:24.341Z] > command requires scopes: ["email","openid","https://www.googleapis.com/auth/cloudplatformprojects.readonly","https://www.googleapis.com/auth/firebase","https://www.googleapis.com/auth/cloud-platform"]
[debug] [2025-08-04T05:17:24.342Z] > authorizing via signed-in user (ethy0104@gmail.com)
[debug] [2025-08-04T05:17:24.342Z] [iam] checking project project-hsa-101 for permissions ["firebase.projects.get","firebasehosting.sites.update"]
[debug] [2025-08-04T05:17:24.344Z] Checked if tokens are valid: false, expires at: 1754231784734
[debug] [2025-08-04T05:17:24.344Z] Checked if tokens are valid: false, expires at: 1754231784734
[debug] [2025-08-04T05:17:24.344Z] > refreshing access token with scopes: []
[debug] [2025-08-04T05:17:24.346Z] >>> [apiv2][query] POST https://www.googleapis.com/oauth2/v3/token [none]
[debug] [2025-08-04T05:17:24.346Z] >>> [apiv2][body] POST https://www.googleapis.com/oauth2/v3/token [omitted]
[debug] [2025-08-04T05:17:24.898Z] <<< [apiv2][status] POST https://www.googleapis.com/oauth2/v3/token 200
[debug] [2025-08-04T05:17:24.899Z] <<< [apiv2][body] POST https://www.googleapis.com/oauth2/v3/token [omitted]
[debug] [2025-08-04T05:17:24.920Z] >>> [apiv2][query] POST https://cloudresourcemanager.googleapis.com/v1/projects/project-hsa-101:testIamPermissions [none]
[debug] [2025-08-04T05:17:24.921Z] >>> [apiv2][(partial)header] POST https://cloudresourcemanager.googleapis.com/v1/projects/project-hsa-101:testIamPermissions x-goog-quota-user=projects/project-hsa-101
[debug] [2025-08-04T05:17:24.921Z] >>> [apiv2][body] POST https://cloudresourcemanager.googleapis.com/v1/projects/project-hsa-101:testIamPermissions {"permissions":["firebase.projects.get","firebasehosting.sites.update"]}
[debug] [2025-08-04T05:17:25.884Z] <<< [apiv2][status] POST https://cloudresourcemanager.googleapis.com/v1/projects/project-hsa-101:testIamPermissions 200
[debug] [2025-08-04T05:17:25.885Z] <<< [apiv2][body] POST https://cloudresourcemanager.googleapis.com/v1/projects/project-hsa-101:testIamPermissions {"permissions":["firebase.projects.get","firebasehosting.sites.update"]}
[debug] [2025-08-04T05:17:25.885Z] Checked if tokens are valid: true, expires at: 1754288243899
[debug] [2025-08-04T05:17:25.885Z] Checked if tokens are valid: true, expires at: 1754288243899
[debug] [2025-08-04T05:17:25.886Z] >>> [apiv2][query] GET https://firebase.googleapis.com/v1beta1/projects/project-hsa-101 [none]
[debug] [2025-08-04T05:17:26.706Z] <<< [apiv2][status] GET https://firebase.googleapis.com/v1beta1/projects/project-hsa-101 200
[debug] [2025-08-04T05:17:26.706Z] <<< [apiv2][body] GET https://firebase.googleapis.com/v1beta1/projects/project-hsa-101 {"projectId":"project-hsa-101","projectNumber":"474857034784","displayName":"Project-HSA","name":"projects/project-hsa-101","resources":{"hostingSite":"project-hsa-101"},"state":"ACTIVE","etag":"1_5d855068-f23a-4909-8650-95f892eaf790"}
[info] 
[info] === Deploying to 'project-hsa-101'...
[info] 
[info] i  deploying hosting 
[debug] [2025-08-04T05:17:26.710Z] Checked if tokens are valid: true, expires at: 1754288243899
[debug] [2025-08-04T05:17:26.710Z] Checked if tokens are valid: true, expires at: 1754288243899
[debug] [2025-08-04T05:17:26.710Z] >>> [apiv2][query] POST https://firebasehosting.googleapis.com/v1beta1/projects/-/sites/project-hsa-101/versions [none]
[debug] [2025-08-04T05:17:26.710Z] >>> [apiv2][body] POST https://firebasehosting.googleapis.com/v1beta1/projects/-/sites/project-hsa-101/versions {"status":"CREATED","labels":{"deployment-tool":"cli-firebase"}}
[debug] [2025-08-04T05:17:29.085Z] <<< [apiv2][status] POST https://firebasehosting.googleapis.com/v1beta1/projects/-/sites/project-hsa-101/versions 200
[debug] [2025-08-04T05:17:29.085Z] <<< [apiv2][body] POST https://firebasehosting.googleapis.com/v1beta1/projects/-/sites/project-hsa-101/versions {"name":"projects/474857034784/sites/project-hsa-101/versions/8c724f7359188bbd","status":"CREATED","config":{},"labels":{"deployment-tool":"cli-firebase"}}
[info] i  hosting[project-hsa-101]: beginning deploy... 
[info] i  hosting[project-hsa-101]: found 25 files in build 
[debug] [2025-08-04T05:17:29.095Z] [hosting] uploading with 200 concurrency
[debug] [2025-08-04T05:17:29.408Z] Checked if tokens are valid: true, expires at: 1754288243899
[debug] [2025-08-04T05:17:29.408Z] Checked if tokens are valid: true, expires at: 1754288243899
[debug] [2025-08-04T05:17:29.410Z] [hosting] hash cache [YnVpbGQ] stored for 25 files
[debug] [2025-08-04T05:17:29.410Z] [hosting][hash queue][FINAL] {"max":310,"min":1,"avg":16.28,"active":0,"complete":25,"success":25,"errored":0,"retried":0,"total":25,"elapsed":313}
[debug] [2025-08-04T05:17:29.411Z] >>> [apiv2][query] POST https://firebasehosting.googleapis.com/v1beta1/projects/474857034784/sites/project-hsa-101/versions/8c724f7359188bbd:populateFiles [none]
[debug] [2025-08-04T05:17:29.411Z] >>> [apiv2][body] POST https://firebasehosting.googleapis.com/v1beta1/projects/474857034784/sites/project-hsa-101/versions/8c724f7359188bbd:populateFiles {"files":{"/site.webmanifest":"65748f57e3a355ca3b5213dc1a8ab66a2a605f966aa3576f0c482129ce284b00","/service-worker.js":"25edfc96c57c841cd067b944011402102db71b1285e1bef78d2951d2286ff39c","/robots.txt":"b2090cf9761ef60aa06e4fab97679bd43dfa5e5df073701ead5879d7c68f1ec5","/maskable_logo_512_square.png":"3a10f9557d89162be86c50cb623febb66505bf1b192b7a96d391ec8123fbfb46","/maskable_icon_512.png":"be3f81a0efe50a1ffaaaa9167fb42223c669e5b7ee4807b922bc9213f838d082","/manifest.json":"93f7f26d1c4dc51bea3edf8d787dc4b509b07133647bc1cccab990259c4b15b9","/logo_square.png":"fb3dd41eddf31782490dc07c391fd823fb9d3b8f8545d1734835cdd66526b4af","/logo_round.png":"be3f81a0efe50a1ffaaaa9167fb42223c669e5b7ee4807b922bc9213f838d082","/logo512.png":"3a10f9557d89162be86c50cb623febb66505bf1b192b7a96d391ec8123fbfb46","/logo192.png":"471a2b5854242d499f913759ef960c856b13896d4290488f5dbbeb99759245cc","/favicon.ico":"f5648a56160bf4e4b1bc9aba99a64f33935831905a206318a5bc7c48e82faf8c","/favicon-32x32.png":"95d023338e88760b62191955b8851a746cac9396645d5461e79ea973efc0a236","/favicon-16x16.png":"2500362e7feef1de980c10ce1ad4ce1b051568092b496a391c2fde32cc46fd4f","/apple-touch-icon.png":"f0076966e527f2b3070771671cacc42578dd0f2123542013a30232e7ac75b13e","/android-chrome-512x512.png":"c2454f7bf9a4a4cf37ec7a45113805fe105ff4d99a520ced09e268a7ca5d251b","/android-chrome-192x192.png":"81f16eeaf5954007f7211a1ba0507789c51af36e0253f3849c5738ae8cec0503","/index.html":"ea7cbce639dccc3d2341d3538d083d10bae4aa76d7aade269c9bd1bbd0a0a2fd","/static/js/main.2f5b7a4f.js.LICENSE.txt":"94c19dab7eed964449d913b9215c5778e598bcf6368fcad02c5256edab106f47","/asset-manifest.json":"fa2c98da8bcbd8ec2c1828262778e8bd62f5df7d4360670ac72b36a831899439","/static/js/453.4e374dae.chunk.js":"fe464ea4a2b734265206b643d8a664bfe5edeb3f6c0828e31e51056f721ced8c","/static/js/453.4e374dae.chunk.js.map":"f840ba236c0613dbc8cae798257e2f7e4025dc0ccf156b95ab3a7c937d3c4785","/static/css/main.9385d971.css.map":"d531f3043b6febc3d9347fc2e008c172c0c48b888234ef4bc78c6701b24f135d","/static/css/main.9385d971.css":"6521efe3130a24e12483366c7edf6827a94f4fdbf60b734dbfe5f301d4d3dc07","/static/js/main.2f5b7a4f.js":"b8e6f0c84a76b0283f91d62cbd9811634f0e74f2b94cfe33dd7e91cd98642e4d","/static/js/main.2f5b7a4f.js.map":"95fe3f5abf6c8824e68bd30e74d664bd6ff9caeb54e48167f92cab4fa92028e6"}}
[debug] [2025-08-04T05:17:29.967Z] <<< [apiv2][status] POST https://firebasehosting.googleapis.com/v1beta1/projects/474857034784/sites/project-hsa-101/versions/8c724f7359188bbd:populateFiles 200
[debug] [2025-08-04T05:17:29.967Z] <<< [apiv2][body] POST https://firebasehosting.googleapis.com/v1beta1/projects/474857034784/sites/project-hsa-101/versions/8c724f7359188bbd:populateFiles {"uploadRequiredHashes":["d531f3043b6febc3d9347fc2e008c172c0c48b888234ef4bc78c6701b24f135d","ea7cbce639dccc3d2341d3538d083d10bae4aa76d7aade269c9bd1bbd0a0a2fd","95fe3f5abf6c8824e68bd30e74d664bd6ff9caeb54e48167f92cab4fa92028e6","fa2c98da8bcbd8ec2c1828262778e8bd62f5df7d4360670ac72b36a831899439","b8e6f0c84a76b0283f91d62cbd9811634f0e74f2b94cfe33dd7e91cd98642e4d","6521efe3130a24e12483366c7edf6827a94f4fdbf60b734dbfe5f301d4d3dc07"],"uploadUrl":"https://upload-firebasehosting.googleapis.com/upload/sites/project-hsa-101/versions/8c724f7359188bbd/files"}
[debug] [2025-08-04T05:17:29.967Z] Checked if tokens are valid: true, expires at: 1754288243899
[debug] [2025-08-04T05:17:29.967Z] Checked if tokens are valid: true, expires at: 1754288243899
[debug] [2025-08-04T05:17:29.968Z] Checked if tokens are valid: true, expires at: 1754288243899
[debug] [2025-08-04T05:17:29.968Z] Checked if tokens are valid: true, expires at: 1754288243899
[debug] [2025-08-04T05:17:29.968Z] Checked if tokens are valid: true, expires at: 1754288243899
[debug] [2025-08-04T05:17:29.968Z] Checked if tokens are valid: true, expires at: 1754288243899
[debug] [2025-08-04T05:17:29.969Z] Checked if tokens are valid: true, expires at: 1754288243899
[debug] [2025-08-04T05:17:29.969Z] Checked if tokens are valid: true, expires at: 1754288243899
[debug] [2025-08-04T05:17:29.969Z] Checked if tokens are valid: true, expires at: 1754288243899
[debug] [2025-08-04T05:17:29.969Z] Checked if tokens are valid: true, expires at: 1754288243899
[debug] [2025-08-04T05:17:29.969Z] Checked if tokens are valid: true, expires at: 1754288243899
[debug] [2025-08-04T05:17:29.969Z] Checked if tokens are valid: true, expires at: 1754288243899
[debug] [2025-08-04T05:17:29.970Z] >>> [apiv2][query] POST https://upload-firebasehosting.googleapis.com/upload/sites/project-hsa-101/versions/8c724f7359188bbd/files/d531f3043b6febc3d9347fc2e008c172c0c48b888234ef4bc78c6701b24f135d [none]
[debug] [2025-08-04T05:17:29.970Z] >>> [apiv2][body] POST https://upload-firebasehosting.googleapis.com/upload/sites/project-hsa-101/versions/8c724f7359188bbd/files/d531f3043b6febc3d9347fc2e008c172c0c48b888234ef4bc78c6701b24f135d [stream]
[debug] [2025-08-04T05:17:29.971Z] >>> [apiv2][query] POST https://upload-firebasehosting.googleapis.com/upload/sites/project-hsa-101/versions/8c724f7359188bbd/files/ea7cbce639dccc3d2341d3538d083d10bae4aa76d7aade269c9bd1bbd0a0a2fd [none]
[debug] [2025-08-04T05:17:29.971Z] >>> [apiv2][body] POST https://upload-firebasehosting.googleapis.com/upload/sites/project-hsa-101/versions/8c724f7359188bbd/files/ea7cbce639dccc3d2341d3538d083d10bae4aa76d7aade269c9bd1bbd0a0a2fd [stream]
[debug] [2025-08-04T05:17:29.972Z] >>> [apiv2][query] POST https://upload-firebasehosting.googleapis.com/upload/sites/project-hsa-101/versions/8c724f7359188bbd/files/95fe3f5abf6c8824e68bd30e74d664bd6ff9caeb54e48167f92cab4fa92028e6 [none]
[debug] [2025-08-04T05:17:29.972Z] >>> [apiv2][body] POST https://upload-firebasehosting.googleapis.com/upload/sites/project-hsa-101/versions/8c724f7359188bbd/files/95fe3f5abf6c8824e68bd30e74d664bd6ff9caeb54e48167f92cab4fa92028e6 [stream]
[debug] [2025-08-04T05:17:29.973Z] >>> [apiv2][query] POST https://upload-firebasehosting.googleapis.com/upload/sites/project-hsa-101/versions/8c724f7359188bbd/files/fa2c98da8bcbd8ec2c1828262778e8bd62f5df7d4360670ac72b36a831899439 [none]
[debug] [2025-08-04T05:17:29.973Z] >>> [apiv2][body] POST https://upload-firebasehosting.googleapis.com/upload/sites/project-hsa-101/versions/8c724f7359188bbd/files/fa2c98da8bcbd8ec2c1828262778e8bd62f5df7d4360670ac72b36a831899439 [stream]
[debug] [2025-08-04T05:17:29.974Z] >>> [apiv2][query] POST https://upload-firebasehosting.googleapis.com/upload/sites/project-hsa-101/versions/8c724f7359188bbd/files/b8e6f0c84a76b0283f91d62cbd9811634f0e74f2b94cfe33dd7e91cd98642e4d [none]
[debug] [2025-08-04T05:17:29.974Z] >>> [apiv2][body] POST https://upload-firebasehosting.googleapis.com/upload/sites/project-hsa-101/versions/8c724f7359188bbd/files/b8e6f0c84a76b0283f91d62cbd9811634f0e74f2b94cfe33dd7e91cd98642e4d [stream]
[debug] [2025-08-04T05:17:29.975Z] >>> [apiv2][query] POST https://upload-firebasehosting.googleapis.com/upload/sites/project-hsa-101/versions/8c724f7359188bbd/files/6521efe3130a24e12483366c7edf6827a94f4fdbf60b734dbfe5f301d4d3dc07 [none]
[debug] [2025-08-04T05:17:29.975Z] >>> [apiv2][body] POST https://upload-firebasehosting.googleapis.com/upload/sites/project-hsa-101/versions/8c724f7359188bbd/files/6521efe3130a24e12483366c7edf6827a94f4fdbf60b734dbfe5f301d4d3dc07 [stream]
[debug] [2025-08-04T05:17:29.976Z] [hosting][populate queue][FINAL] {"max":561,"min":561,"avg":561,"active":0,"complete":1,"success":1,"errored":0,"retried":0,"total":1,"elapsed":568}
[debug] [2025-08-04T05:17:29.976Z] [hosting] uploads queued: 6
[info] i  hosting: uploading new files [0/6] (0%) 
[debug] [2025-08-04T05:17:31.604Z] <<< [apiv2][status] POST https://upload-firebasehosting.googleapis.com/upload/sites/project-hsa-101/versions/8c724f7359188bbd/files/6521efe3130a24e12483366c7edf6827a94f4fdbf60b734dbfe5f301d4d3dc07 200
[debug] [2025-08-04T05:17:31.605Z] <<< [apiv2][body] POST https://upload-firebasehosting.googleapis.com/upload/sites/project-hsa-101/versions/8c724f7359188bbd/files/6521efe3130a24e12483366c7edf6827a94f4fdbf60b734dbfe5f301d4d3dc07 [stream]
[debug] [2025-08-04T05:17:31.827Z] <<< [apiv2][status] POST https://upload-firebasehosting.googleapis.com/upload/sites/project-hsa-101/versions/8c724f7359188bbd/files/ea7cbce639dccc3d2341d3538d083d10bae4aa76d7aade269c9bd1bbd0a0a2fd 200
[debug] [2025-08-04T05:17:31.828Z] <<< [apiv2][body] POST https://upload-firebasehosting.googleapis.com/upload/sites/project-hsa-101/versions/8c724f7359188bbd/files/ea7cbce639dccc3d2341d3538d083d10bae4aa76d7aade269c9bd1bbd0a0a2fd [stream]
[debug] [2025-08-04T05:17:31.943Z] <<< [apiv2][status] POST https://upload-firebasehosting.googleapis.com/upload/sites/project-hsa-101/versions/8c724f7359188bbd/files/fa2c98da8bcbd8ec2c1828262778e8bd62f5df7d4360670ac72b36a831899439 200
[debug] [2025-08-04T05:17:31.943Z] <<< [apiv2][body] POST https://upload-firebasehosting.googleapis.com/upload/sites/project-hsa-101/versions/8c724f7359188bbd/files/fa2c98da8bcbd8ec2c1828262778e8bd62f5df7d4360670ac72b36a831899439 [stream]
[debug] [2025-08-04T05:17:32.191Z] <<< [apiv2][status] POST https://upload-firebasehosting.googleapis.com/upload/sites/project-hsa-101/versions/8c724f7359188bbd/files/d531f3043b6febc3d9347fc2e008c172c0c48b888234ef4bc78c6701b24f135d 200
[debug] [2025-08-04T05:17:32.191Z] <<< [apiv2][body] POST https://upload-firebasehosting.googleapis.com/upload/sites/project-hsa-101/versions/8c724f7359188bbd/files/d531f3043b6febc3d9347fc2e008c172c0c48b888234ef4bc78c6701b24f135d [stream]
[info] i  hosting: uploading new files [4/6] (66%) 
[debug] [2025-08-04T05:17:34.260Z] <<< [apiv2][status] POST https://upload-firebasehosting.googleapis.com/upload/sites/project-hsa-101/versions/8c724f7359188bbd/files/b8e6f0c84a76b0283f91d62cbd9811634f0e74f2b94cfe33dd7e91cd98642e4d 200
[debug] [2025-08-04T05:17:34.261Z] <<< [apiv2][body] POST https://upload-firebasehosting.googleapis.com/upload/sites/project-hsa-101/versions/8c724f7359188bbd/files/b8e6f0c84a76b0283f91d62cbd9811634f0e74f2b94cfe33dd7e91cd98642e4d [stream]
[info] i  hosting: uploading new files [5/6] (83%) 
[info] i  hosting: uploading new files [5/6] (83%) 
[debug] [2025-08-04T05:17:37.904Z] <<< [apiv2][status] POST https://upload-firebasehosting.googleapis.com/upload/sites/project-hsa-101/versions/8c724f7359188bbd/files/95fe3f5abf6c8824e68bd30e74d664bd6ff9caeb54e48167f92cab4fa92028e6 200
[debug] [2025-08-04T05:17:37.904Z] <<< [apiv2][body] POST https://upload-firebasehosting.googleapis.com/upload/sites/project-hsa-101/versions/8c724f7359188bbd/files/95fe3f5abf6c8824e68bd30e74d664bd6ff9caeb54e48167f92cab4fa92028e6 [stream]
[debug] [2025-08-04T05:17:37.904Z] [hosting][upload queue][FINAL] {"max":7936,"min":1636,"avg":3320.8333333333335,"active":0,"complete":6,"success":6,"errored":0,"retried":0,"total":6,"elapsed":7937}
[info] i  hosting: upload complete 
[info] +  hosting[project-hsa-101]: file upload complete 
[debug] [2025-08-04T05:17:37.905Z] [hosting] deploy completed after 8818ms
[debug] [2025-08-04T05:17:37.905Z] [
  {
    "config": {
      "public": "build",
      "ignore": [
        "firebase.json",
        "**/.*",
        "**/node_modules/**"
      ],
      "rewrites": [
        {
          "source": "**",
          "destination": "/index.html"
        }
      ],
      "site": "project-hsa-101"
    },
    "version": "projects/474857034784/sites/project-hsa-101/versions/8c724f7359188bbd"
  }
]
[info] i  hosting[project-hsa-101]: finalizing version... 
[debug] [2025-08-04T05:17:37.906Z] Checked if tokens are valid: true, expires at: 1754288243899
[debug] [2025-08-04T05:17:37.906Z] Checked if tokens are valid: true, expires at: 1754288243899
[debug] [2025-08-04T05:17:37.907Z] >>> [apiv2][query] PATCH https://firebasehosting.googleapis.com/v1beta1/projects/-/sites/project-hsa-101/versions/8c724f7359188bbd updateMask=status%2Cconfig
[debug] [2025-08-04T05:17:37.907Z] >>> [apiv2][body] PATCH https://firebasehosting.googleapis.com/v1beta1/projects/-/sites/project-hsa-101/versions/8c724f7359188bbd {"status":"FINALIZED","config":{"rewrites":[{"glob":"**","path":"/index.html"}]}}
[debug] [2025-08-04T05:17:39.211Z] <<< [apiv2][status] PATCH https://firebasehosting.googleapis.com/v1beta1/projects/-/sites/project-hsa-101/versions/8c724f7359188bbd 200
[debug] [2025-08-04T05:17:39.211Z] <<< [apiv2][body] PATCH https://firebasehosting.googleapis.com/v1beta1/projects/-/sites/project-hsa-101/versions/8c724f7359188bbd {"name":"projects/474857034784/sites/project-hsa-101/versions/8c724f7359188bbd","status":"FINALIZED","config":{"rewrites":[{"glob":"**","path":"/index.html"}]},"labels":{"deployment-tool":"cli-firebase"},"createTime":"2025-08-04T05:17:18.136400Z","createUser":{"email":"ethy0104@gmail.com"},"finalizeTime":"2025-08-04T05:17:29.332706Z","finalizeUser":{"email":"ethy0104@gmail.com"}}
[debug] [2025-08-04T05:17:39.211Z] [hosting] finalized version for project-hsa-101:[object Object]
[info] +  hosting[project-hsa-101]: version finalized 
[info] i  hosting[project-hsa-101]: releasing new version... 
[debug] [2025-08-04T05:17:39.212Z] Checked if tokens are valid: true, expires at: 1754288243899
[debug] [2025-08-04T05:17:39.212Z] Checked if tokens are valid: true, expires at: 1754288243899
[debug] [2025-08-04T05:17:39.212Z] >>> [apiv2][query] POST https://firebasehosting.googleapis.com/v1beta1/projects/-/sites/project-hsa-101/channels/live/releases versionName=projects%2F474857034784%2Fsites%2Fproject-hsa-101%2Fversions%2F8c724f7359188bbd
[debug] [2025-08-04T05:17:39.212Z] >>> [apiv2][body] POST https://firebasehosting.googleapis.com/v1beta1/projects/-/sites/project-hsa-101/channels/live/releases {}
[debug] [2025-08-04T05:17:40.286Z] <<< [apiv2][status] POST https://firebasehosting.googleapis.com/v1beta1/projects/-/sites/project-hsa-101/channels/live/releases 200
[debug] [2025-08-04T05:17:40.286Z] <<< [apiv2][body] POST https://firebasehosting.googleapis.com/v1beta1/projects/-/sites/project-hsa-101/channels/live/releases {"name":"projects/474857034784/sites/project-hsa-101/channels/live/releases/1754284649547000","version":{"name":"projects/474857034784/sites/project-hsa-101/versions/8c724f7359188bbd","status":"FINALIZED","config":{"rewrites":[{"glob":"**","path":"/index.html"}]},"labels":{"deployment-tool":"cli-firebase"},"createTime":"2025-08-04T05:17:18.136400Z","createUser":{"email":"ethy0104@gmail.com","imageUrl":"https://lh3.googleusercontent.com/a/ACg8ocKFOI8g7U6m5gQE-kh6B076r_00urJWev0d6ft9silEShGRMf0"},"finalizeTime":"2025-08-04T05:17:29.332706Z","finalizeUser":{"email":"ethy0104@gmail.com","imageUrl":"https://lh3.googleusercontent.com/a/ACg8ocKFOI8g7U6m5gQE-kh6B076r_00urJWev0d6ft9silEShGRMf0"}},"type":"DEPLOY","releaseTime":"2025-08-04T05:17:29.547Z","releaseUser":{"email":"ethy0104@gmail.com","imageUrl":"https://lh3.googleusercontent.com/a/ACg8ocKFOI8g7U6m5gQE-kh6B076r_00urJWev0d6ft9silEShGRMf0"}}
[debug] [2025-08-04T05:17:40.286Z] [hosting] release: {"name":"projects/474857034784/sites/project-hsa-101/channels/live/releases/1754284649547000","version":{"name":"projects/474857034784/sites/project-hsa-101/versions/8c724f7359188bbd","status":"FINALIZED","config":{"rewrites":[{"glob":"**","path":"/index.html"}]},"labels":{"deployment-tool":"cli-firebase"},"createTime":"2025-08-04T05:17:18.136400Z","createUser":{"email":"ethy0104@gmail.com","imageUrl":"https://lh3.googleusercontent.com/a/ACg8ocKFOI8g7U6m5gQE-kh6B076r_00urJWev0d6ft9silEShGRMf0"},"finalizeTime":"2025-08-04T05:17:29.332706Z","finalizeUser":{"email":"ethy0104@gmail.com","imageUrl":"https://lh3.googleusercontent.com/a/ACg8ocKFOI8g7U6m5gQE-kh6B076r_00urJWev0d6ft9silEShGRMf0"}},"type":"DEPLOY","releaseTime":"2025-08-04T05:17:29.547Z","releaseUser":{"email":"ethy0104@gmail.com","imageUrl":"https://lh3.googleusercontent.com/a/ACg8ocKFOI8g7U6m5gQE-kh6B076r_00urJWev0d6ft9silEShGRMf0"}}
[info] +  hosting[project-hsa-101]: release complete 
[info] 
[info] +  Deploy complete! 
[info] 
[info] Project Console: https://console.firebase.google.com/project/project-hsa-101/overview
[info] Hosting URL: https://project-hsa-101.web.app
